## Report Info


**User Action**: `crash report`  
**Sender**: `TermuxActivity`  
**Report Timestamp**: `2026-01-22 07:09:10.513 UTC`  
##

## Crash Details

**Crash Thread**: `Thread[main,5,main]`  
**Crash Timestamp**: `2026-01-22 07:09:07.969 UTC`  

**Crash Message**:
```
Unable to start activity ComponentInfo{com.termux/com.termux.app.TermuxActivity}: android.view.InflateException: Binary XML file line #240 in com.termux:layout/activity_termux: Binary XML file line #240 in com.termux:layout/activity_termux: Error inflating class com.google.android.material.button.MaterialButton
```


### Stacktrace

```
java.lang.RuntimeException: Unable to start activity ComponentInfo{com.termux/com.termux.app.TermuxActivity}: android.view.InflateException: Binary XML file line #240 in com.termux:layout/activity_termux: Binary XML file line #240 in com.termux:layout/activity_termux: Error inflating class com.google.android.material.button.MaterialButton
	at android.app.ActivityThread.performLaunchActivity(ActivityThread.java:4317)
	at android.app.ActivityThread.handleLaunchActivity(ActivityThread.java:4465)
	at android.app.servertransaction.LaunchActivityItem.execute(LaunchActivityItem.java:103)
	at android.app.servertransaction.TransactionExecutor.executeCallbacks(TransactionExecutor.java:139)
	at android.app.servertransaction.TransactionExecutor.execute(TransactionExecutor.java:96)
	at android.app.ActivityThread$H.handleMessage(ActivityThread.java:2854)
	at android.os.Handler.dispatchMessage(Handler.java:108)
	at android.os.Looper.loopOnce(Looper.java:226)
	at android.os.Looper.loop(Looper.java:328)
	at android.app.ActivityThread.main(ActivityThread.java:9242)
	at java.lang.reflect.Method.invoke(Native Method)
	at com.android.internal.os.RuntimeInit$MethodAndArgsCaller.run(RuntimeInit.java:594)
	at com.android.internal.os.ZygoteInit.main(ZygoteInit.java:1099)
Caused by: android.view.InflateException: Binary XML file line #240 in com.termux:layout/activity_termux: Binary XML file line #240 in com.termux:layout/activity_termux: Error inflating class com.google.android.material.button.MaterialButton
Caused by: android.view.InflateException: Binary XML file line #240 in com.termux:layout/activity_termux: Error inflating class com.google.android.material.button.MaterialButton
Caused by: java.lang.reflect.InvocationTargetException
	at java.lang.reflect.Constructor.newInstance0(Native Method)
	at java.lang.reflect.Constructor.newInstance(Constructor.java:343)
	at android.view.LayoutInflater.createView(LayoutInflater.java:883)
	at android.view.LayoutInflater.createViewFromTag(LayoutInflater.java:1071)
	at android.view.LayoutInflater.createViewFromTag(LayoutInflater.java:1026)
	at android.view.LayoutInflater.rInflate(LayoutInflater.java:1188)
	at android.view.LayoutInflater.rInflateChildren(LayoutInflater.java:1149)
	at android.view.LayoutInflater.rInflate(LayoutInflater.java:1191)
	at android.view.LayoutInflater.rInflateChildren(LayoutInflater.java:1149)
	at android.view.LayoutInflater.rInflate(LayoutInflater.java:1191)
	at android.view.LayoutInflater.rInflateChildren(LayoutInflater.java:1149)
	at android.view.LayoutInflater.rInflate(LayoutInflater.java:1191)
	at android.view.LayoutInflater.rInflateChildren(LayoutInflater.java:1149)
	at android.view.LayoutInflater.inflate(LayoutInflater.java:708)
	at android.view.LayoutInflater.inflate(LayoutInflater.java:552)
	at android.view.LayoutInflater.inflate(LayoutInflater.java:499)
	at com.android.internal.policy.PhoneWindow.setContentView(PhoneWindow.java:554)
	at android.app.Activity.setContentView(Activity.java:3932)
	at com.termux.app.TermuxActivity.onCreate(TermuxActivity.java:199)
	at android.app.Activity.performCreate(Activity.java:8964)
	at android.app.Activity.performCreate(Activity.java:8921)
	at android.app.Instrumentation.callActivityOnCreate(Instrumentation.java:1456)
	at android.app.ActivityThread.performLaunchActivity(ActivityThread.java:4293)
	at android.app.ActivityThread.handleLaunchActivity(ActivityThread.java:4465)
	at android.app.servertransaction.LaunchActivityItem.execute(LaunchActivityItem.java:103)
	at android.app.servertransaction.TransactionExecutor.executeCallbacks(TransactionExecutor.java:139)
	at android.app.servertransaction.TransactionExecutor.execute(TransactionExecutor.java:96)
	at android.app.ActivityThread$H.handleMessage(ActivityThread.java:2854)
	at android.os.Handler.dispatchMessage(Handler.java:108)
	at android.os.Looper.loopOnce(Looper.java:226)
	at android.os.Looper.loop(Looper.java:328)
	at android.app.ActivityThread.main(ActivityThread.java:9242)
	at java.lang.reflect.Method.invoke(Native Method)
	at com.android.internal.os.RuntimeInit$MethodAndArgsCaller.run(RuntimeInit.java:594)
	at com.android.internal.os.ZygoteInit.main(ZygoteInit.java:1099)
Caused by: java.lang.IllegalArgumentException: The style on this component requires your app theme to be Theme.MaterialComponents (or a descendant).
	at com.google.android.material.internal.ThemeEnforcement.checkTheme(ThemeEnforcement.java:243)
	at com.google.android.material.internal.ThemeEnforcement.checkMaterialTheme(ThemeEnforcement.java:217)
	at com.google.android.material.internal.ThemeEnforcement.checkCompatibleTheme(ThemeEnforcement.java:145)
	at com.google.android.material.internal.ThemeEnforcement.obtainStyledAttributes(ThemeEnforcement.java:76)
	at com.google.android.material.button.MaterialButton.<init>(MaterialButton.java:229)
	at com.google.android.material.button.MaterialButton.<init>(MaterialButton.java:220)
	... 35 more

```
##


## Termux App Info

**APP_NAME**: `Termux`  
**PACKAGE_NAME**: `com.termux`  
**VERSION_NAME**: `0.118.3+ef8bc62`  
**VERSION_CODE**: `1002`  
**TARGET_SDK**: `28`  
**IS_DEBUGGABLE_BUILD**: `true`  
**SE_PROCESS_CONTEXT**: `u:r:untrusted_app_27:s0:c204,c257,c512,c768`  
**SE_FILE_CONTEXT**: `u:object_r:app_data_file:s0:c204,c257,c512,c768`  
**SE_INFO**: `default:targetSdkVersion=28:complete`  
**APK_RELEASE**: `Github`  
**SIGNING_CERTIFICATE_SHA256_DIGEST**: `B6DA01480EEFD5FBF2CD3771B8D1021EC791304BDD6C4BF41D3FAABAD48EE5E1`  
##


## Device Info

### Software

**OS_VERSION**: `4.19.157-perf+`  
**SDK_INT**: `34`  
**RELEASE**: `14`  
**ID**: `UP1A.231005.007`  
**DISPLAY**: `PD2225F_EX_A_14.2.13.0.W20.V000L1`  
**INCREMENTAL**: `compiler06091010`  
**SECURITY_PATCH**: `2025-05-01`  
**IS_DEBUGGABLE**: `0`  
**IS_TREBLE_ENABLED**: `true`  
**TYPE**: `user`  
**TAGS**: `release-keys`  

### Hardware

**MANUFACTURER**: `vivo`  
**BRAND**: `vivo`  
**MODEL**: `V2205`  
**PRODUCT**: `V2205T`  
**BOARD**: `bengal`  
**HARDWARE**: `qcom`  
**DEVICE**: `V2205`  
**SUPPORTED_ABIS**: `arm64-v8a, armeabi-v7a, armeabi`  
**SUPPORTED_32_BIT_ABIS**: `armeabi-v7a, armeabi`  
**SUPPORTED_64_BIT_ABIS**: `arm64-v8a`  
##